[14:44:06] [ServerMain/INFO]: Environment: Environment[sessionHost=https://sessionserver.mojang.com, servicesHost=https://api.minecraftservices.com, name=PROD]
[14:44:10] [ServerMain/INFO]: Loaded 1407 recipes
[14:44:10] [ServerMain/INFO]: Loaded 1520 advancements
[14:44:10] [Server thread/INFO]: Starting minecraft server version 1.21.6
[14:44:10] [Server thread/INFO]: Loading properties
[14:44:10] [Server thread/INFO]: Default game type: SURVIVAL
[14:44:10] [Server thread/INFO]: Generating keypair
[14:44:10] [Server thread/INFO]: Starting Minecraft server on *:25565
[14:44:10] [Server thread/INFO]: Using default channel type
[14:44:10] [Server thread/WARN]: **** SERVER IS RUNNING IN OFFLINE/INSECURE MODE!
[14:44:10] [Server thread/WARN]: The server will make no attempt to authenticate usernames. Beware.
[14:44:10] [Server thread/WARN]: While this makes the game possible to play without internet access, it also opens up the ability for hackers to connect with any username they choose.
[14:44:10] [Server thread/WARN]: To change this, set "online-mode" to "true" in the server.properties file.
[14:44:10] [Server thread/INFO]: Preparing level "world"
[14:44:11] [Server thread/INFO]: Preparing start region for dimension minecraft:overworld
[14:44:15] [Worker-Main-6/INFO]: Preparing spawn area: 0%
[14:44:15] [Worker-Main-6/INFO]: Preparing spawn area: 0%
[14:44:15] [Worker-Main-6/INFO]: Preparing spawn area: 0%
[14:44:15] [Worker-Main-6/INFO]: Preparing spawn area: 0%
[14:44:15] [Worker-Main-6/INFO]: Preparing spawn area: 0%
[14:44:15] [Worker-Main-6/INFO]: Preparing spawn area: 0%
[14:44:15] [Worker-Main-6/INFO]: Preparing spawn area: 0%
[14:44:15] [Worker-Main-6/INFO]: Preparing spawn area: 0%
[14:44:15] [Worker-Main-6/INFO]: Preparing spawn area: 0%
[14:44:15] [Server thread/INFO]: Time elapsed: 4207 ms
[14:44:15] [Server thread/INFO]: Done (4.734s)! For help, type "help"
[14:44:29] [Server thread/INFO]: MinhKhoii[/26.107.92.215:50943] logged in with entity id 7 at (174.95522574738735, 64.5625, 655.0175344883905)
[14:44:29] [Server thread/INFO]: MinhKhoii joined the game
[14:44:49] [Server thread/INFO]: MinhKhoii lost connection: Disconnected
[14:44:49] [Server thread/INFO]: MinhKhoii left the game
[14:44:53] [Server thread/INFO]: Stopping the server
[14:44:53] [Server thread/INFO]: Stopping server
[14:44:53] [Server thread/INFO]: Saving players
[14:44:53] [Server thread/INFO]: Saving worlds
[14:44:53] [Server thread/INFO]: Saving chunks for level 'ServerLevel[world]'/minecraft:overworld
[14:44:53] [Server thread/INFO]: Saving chunks for level 'ServerLevel[world]'/minecraft:the_end
[14:44:53] [Server thread/INFO]: Saving chunks for level 'ServerLevel[world]'/minecraft:the_nether
[14:44:53] [Server thread/INFO]: ThreadedAnvilChunkStorage (world): All chunks are saved
[14:44:53] [Server thread/INFO]: ThreadedAnvilChunkStorage (DIM1): All chunks are saved
[14:44:53] [Server thread/INFO]: ThreadedAnvilChunkStorage (DIM-1): All chunks are saved
[14:44:53] [Server thread/INFO]: ThreadedAnvilChunkStorage: All dimensions are saved
